<?xml version="1.0" encoding="UTF-8"?>
<testsuite xmlns:xsi="http://www.w3.org/2001/XMLSchema-instance" xsi:noNamespaceSchemaLocation="https://maven.apache.org/surefire/maven-surefire-plugin/xsd/surefire-test-report-3.0.xsd" version="3.0" name="com.example.payment.PaymentRecordManagerTest" time="0.044" tests="14" errors="0" skipped="0" failures="0">
  <properties>
[...]
</properties>
  <testcase name="testDeleteNonExistentRecord" classname="com.example.payment.PaymentRecordManagerTest" time="0.011"/>
  <testcase name="testQueryRecordsByCategory" classname="com.example.payment.PaymentRecordManagerTest" time="0.009"/>
  <testcase name="testQueryRecordsByType" classname="com.example.payment.PaymentRecordManagerTest" time="0.001"/>
  <testcase name="testAddRecordWithAutoCategory" classname="com.example.payment.PaymentRecordManagerTest" time="0.001"/>
  <testcase name="testQueryRecordsByDateRange" classname="com.example.payment.PaymentRecordManagerTest" time="0.001"/>
  <testcase name="testUpdateRecord" classname="com.example.payment.PaymentRecordManagerTest" time="0.003"/>
  <testcase name="testQueryRecordsByAmountRange" classname="com.example.payment.PaymentRecordManagerTest" time="0.001"/>
  <testcase name="testDeleteRecord" classname="com.example.payment.PaymentRecordManagerTest" time="0.0"/>
  <testcase name="testUpdateRecordPartial" classname="com.example.payment.PaymentRecordManagerTest" time="0.0"/>
  <testcase name="testAddRecord" classname="com.example.payment.PaymentRecordManagerTest" time="0.0"/>
  <testcase name="testUpdateNonExistentRecord" classname="com.example.payment.PaymentRecordManagerTest" time="0.001"/>
  <testcase name="testIdIncrement" classname="com.example.payment.PaymentRecordManagerTest" time="0.001"/>
  <testcase name="testGetAllRecordsReturnsCopy" classname="com.example.payment.PaymentRecordManagerTest" time="0.001"/>
  <testcase name="testQueryRecordsWithMultipleFilters" classname="com.example.payment.PaymentRecordManagerTest" time="0.001"/>
</testsuite>